<?xml version="1.0" encoding="UTF-8"?>
<testsuite xmlns:xsi="http://www.w3.org/2001/XMLSchema-instance" xsi:noNamespaceSchemaLocation="https://maven.apache.org/surefire/maven-surefire-plugin/xsd/surefire-test-report.xsd" name="com.vijfmusketiers.ProjectB.ProjectBApplicationTests" time="17.346" tests="1" errors="0" skipped="0" failures="0">
  <properties>
    <property name="java.specification.version" value="13"/>
    <property name="sun.cpu.isalist" value="amd64"/>
    <property name="sun.jnu.encoding" value="Cp1252"/>
    <property name="java.class.path" value="C:\Users\Soerano\Documents\GitHub\projectb\target\test-classes;C:\Users\Soerano\Documents\GitHub\projectb\target\classes;C:\Users\Soerano\.m2\repository\org\springframework\boot\spring-boot-starter-amqp\2.3.0.M4\spring-boot-starter-amqp-2.3.0.M4.jar;C:\Users\Soerano\.m2\repository\org\springframework\boot\spring-boot-starter\2.3.0.M4\spring-boot-starter-2.3.0.M4.jar;C:\Users\Soerano\.m2\repository\org\springframework\boot\spring-boot-starter-logging\2.3.0.M4\spring-boot-starter-logging-2.3.0.M4.jar;C:\Users\Soerano\.m2\repository\ch\qos\logback\logback-classic\1.2.3\logback-classic-1.2.3.jar;C:\Users\Soerano\.m2\repository\ch\qos\logback\logback-core\1.2.3\logback-core-1.2.3.jar;C:\Users\Soerano\.m2\repository\org\apache\logging\log4j\log4j-to-slf4j\2.13.1\log4j-to-slf4j-2.13.1.jar;C:\Users\Soerano\.m2\repository\org\apache\logging\log4j\log4j-api\2.13.1\log4j-api-2.13.1.jar;C:\Users\Soerano\.m2\repository\org\slf4j\jul-to-slf4j\1.7.30\jul-to-slf4j-1.7.30.jar;C:\Users\Soerano\.m2\repository\jakarta\annotation\jakarta.annotation-api\1.3.5\jakarta.annotation-api-1.3.5.jar;C:\Users\Soerano\.m2\repository\org\yaml\snakeyaml\1.26\snakeyaml-1.26.jar;C:\Users\Soerano\.m2\repository\org\springframework\spring-messaging\5.2.5.RELEASE\spring-messaging-5.2.5.RELEASE.jar;C:\Users\Soerano\.m2\repository\org\springframework\amqp\spring-rabbit\2.2.5.RELEASE\spring-rabbit-2.2.5.RELEASE.jar;C:\Users\Soerano\.m2\repository\com\rabbitmq\amqp-client\5.8.0\amqp-client-5.8.0.jar;C:\Users\Soerano\.m2\repository\org\springframework\amqp\spring-amqp\2.2.5.RELEASE\spring-amqp-2.2.5.RELEASE.jar;C:\Users\Soerano\.m2\repository\org\springframework\retry\spring-retry\1.2.5.RELEASE\spring-retry-1.2.5.RELEASE.jar;C:\Users\Soerano\.m2\repository\org\springframework\spring-tx\5.2.5.RELEASE\spring-tx-5.2.5.RELEASE.jar;C:\Users\Soerano\.m2\repository\org\springframework\boot\spring-boot-starter-data-jpa\2.3.0.M4\spring-boot-starter-data-jpa-2.3.0.M4.jar;C:\Users\Soerano\.m2\repository\org\springframework\boot\spring-boot-starter-aop\2.3.0.M4\spring-boot-starter-aop-2.3.0.M4.jar;C:\Users\Soerano\.m2\repository\org\aspectj\aspectjweaver\1.9.5\aspectjweaver-1.9.5.jar;C:\Users\Soerano\.m2\repository\org\springframework\boot\spring-boot-starter-jdbc\2.3.0.M4\spring-boot-starter-jdbc-2.3.0.M4.jar;C:\Users\Soerano\.m2\repository\com\zaxxer\HikariCP\3.4.2\HikariCP-3.4.2.jar;C:\Users\Soerano\.m2\repository\org\springframework\spring-jdbc\5.2.5.RELEASE\spring-jdbc-5.2.5.RELEASE.jar;C:\Users\Soerano\.m2\repository\jakarta\transaction\jakarta.transaction-api\1.3.3\jakarta.transaction-api-1.3.3.jar;C:\Users\Soerano\.m2\repository\jakarta\persistence\jakarta.persistence-api\2.2.3\jakarta.persistence-api-2.2.3.jar;C:\Users\Soerano\.m2\repository\org\hibernate\hibernate-core\5.4.13.Final\hibernate-core-5.4.13.Final.jar;C:\Users\Soerano\.m2\repository\org\jboss\logging\jboss-logging\3.4.1.Final\jboss-logging-3.4.1.Final.jar;C:\Users\Soerano\.m2\repository\org\javassist\javassist\3.24.0-GA\javassist-3.24.0-GA.jar;C:\Users\Soerano\.m2\repository\net\bytebuddy\byte-buddy\1.10.9\byte-buddy-1.10.9.jar;C:\Users\Soerano\.m2\repository\antlr\antlr\2.7.7\antlr-2.7.7.jar;C:\Users\Soerano\.m2\repository\org\jboss\jandex\2.1.1.Final\jandex-2.1.1.Final.jar;C:\Users\Soerano\.m2\repository\com\fasterxml\classmate\1.5.1\classmate-1.5.1.jar;C:\Users\Soerano\.m2\repository\org\dom4j\dom4j\2.1.1\dom4j-2.1.1.jar;C:\Users\Soerano\.m2\repository\org\hibernate\common\hibernate-commons-annotations\5.1.0.Final\hibernate-commons-annotations-5.1.0.Final.jar;C:\Users\Soerano\.m2\repository\org\glassfish\jaxb\jaxb-runtime\2.3.2\jaxb-runtime-2.3.2.jar;C:\Users\Soerano\.m2\repository\org\glassfish\jaxb\txw2\2.3.2\txw2-2.3.2.jar;C:\Users\Soerano\.m2\repository\com\sun\istack\istack-commons-runtime\3.0.8\istack-commons-runtime-3.0.8.jar;C:\Users\Soerano\.m2\repository\org\jvnet\staxex\stax-ex\1.8.1\stax-ex-1.8.1.jar;C:\Users\Soerano\.m2\repository\com\sun\xml\fastinfoset\FastInfoset\1.2.16\FastInfoset-1.2.16.jar;C:\Users\Soerano\.m2\repository\org\springframework\data\spring-data-jpa\2.3.0.RC1\spring-data-jpa-2.3.0.RC1.jar;C:\Users\Soerano\.m2\repository\org\springframework\data\spring-data-commons\2.3.0.RC1\spring-data-commons-2.3.0.RC1.jar;C:\Users\Soerano\.m2\repository\org\springframework\spring-orm\5.2.5.RELEASE\spring-orm-5.2.5.RELEASE.jar;C:\Users\Soerano\.m2\repository\org\slf4j\slf4j-api\1.7.30\slf4j-api-1.7.30.jar;C:\Users\Soerano\.m2\repository\org\springframework\spring-aspects\5.2.5.RELEASE\spring-aspects-5.2.5.RELEASE.jar;C:\Users\Soerano\.m2\repository\org\springframework\boot\spring-boot-starter-web\2.3.0.M4\spring-boot-starter-web-2.3.0.M4.jar;C:\Users\Soerano\.m2\repository\org\springframework\boot\spring-boot-starter-json\2.3.0.M4\spring-boot-starter-json-2.3.0.M4.jar;C:\Users\Soerano\.m2\repository\com\fasterxml\jackson\datatype\jackson-datatype-jdk8\2.11.0.rc1\jackson-datatype-jdk8-2.11.0.rc1.jar;C:\Users\Soerano\.m2\repository\com\fasterxml\jackson\datatype\jackson-datatype-jsr310\2.11.0.rc1\jackson-datatype-jsr310-2.11.0.rc1.jar;C:\Users\Soerano\.m2\repository\com\fasterxml\jackson\module\jackson-module-parameter-names\2.11.0.rc1\jackson-module-parameter-names-2.11.0.rc1.jar;C:\Users\Soerano\.m2\repository\org\springframework\boot\spring-boot-starter-tomcat\2.3.0.M4\spring-boot-starter-tomcat-2.3.0.M4.jar;C:\Users\Soerano\.m2\repository\org\apache\tomcat\embed\tomcat-embed-core\9.0.33\tomcat-embed-core-9.0.33.jar;C:\Users\Soerano\.m2\repository\org\glassfish\jakarta.el\3.0.3\jakarta.el-3.0.3.jar;C:\Users\Soerano\.m2\repository\org\apache\tomcat\embed\tomcat-embed-websocket\9.0.33\tomcat-embed-websocket-9.0.33.jar;C:\Users\Soerano\.m2\repository\org\springframework\spring-web\5.2.5.RELEASE\spring-web-5.2.5.RELEASE.jar;C:\Users\Soerano\.m2\repository\org\springframework\spring-webmvc\5.2.5.RELEASE\spring-webmvc-5.2.5.RELEASE.jar;C:\Users\Soerano\.m2\repository\org\springframework\spring-expression\5.2.5.RELEASE\spring-expression-5.2.5.RELEASE.jar;C:\Users\Soerano\.m2\repository\org\springframework\security\spring-security-config\5.3.1.RELEASE\spring-security-config-5.3.1.RELEASE.jar;C:\Users\Soerano\.m2\repository\org\springframework\security\spring-security-core\5.3.1.RELEASE\spring-security-core-5.3.1.RELEASE.jar;C:\Users\Soerano\.m2\repository\org\springframework\spring-aop\5.2.5.RELEASE\spring-aop-5.2.5.RELEASE.jar;C:\Users\Soerano\.m2\repository\org\springframework\spring-beans\5.2.5.RELEASE\spring-beans-5.2.5.RELEASE.jar;C:\Users\Soerano\.m2\repository\org\springframework\spring-context\5.2.5.RELEASE\spring-context-5.2.5.RELEASE.jar;C:\Users\Soerano\.m2\repository\org\springframework\spring-core\5.2.5.RELEASE\spring-core-5.2.5.RELEASE.jar;C:\Users\Soerano\.m2\repository\org\springframework\spring-jcl\5.2.5.RELEASE\spring-jcl-5.2.5.RELEASE.jar;C:\Users\Soerano\.m2\repository\org\postgresql\postgresql\42.2.12\postgresql-42.2.12.jar;C:\Users\Soerano\.m2\repository\org\springframework\boot\spring-boot-starter-test\2.3.0.M4\spring-boot-starter-test-2.3.0.M4.jar;C:\Users\Soerano\.m2\repository\org\springframework\boot\spring-boot-test\2.3.0.M4\spring-boot-test-2.3.0.M4.jar;C:\Users\Soerano\.m2\repository\org\springframework\boot\spring-boot-test-autoconfigure\2.3.0.M4\spring-boot-test-autoconfigure-2.3.0.M4.jar;C:\Users\Soerano\.m2\repository\com\jayway\jsonpath\json-path\2.4.0\json-path-2.4.0.jar;C:\Users\Soerano\.m2\repository\jakarta\xml\bind\jakarta.xml.bind-api\2.3.3\jakarta.xml.bind-api-2.3.3.jar;C:\Users\Soerano\.m2\repository\jakarta\activation\jakarta.activation-api\1.2.2\jakarta.activation-api-1.2.2.jar;C:\Users\Soerano\.m2\repository\org\assertj\assertj-core\3.15.0\assertj-core-3.15.0.jar;C:\Users\Soerano\.m2\repository\org\hamcrest\hamcrest\2.2\hamcrest-2.2.jar;C:\Users\Soerano\.m2\repository\org\junit\jupiter\junit-jupiter\5.6.1\junit-jupiter-5.6.1.jar;C:\Users\Soerano\.m2\repository\org\junit\jupiter\junit-jupiter-api\5.6.1\junit-jupiter-api-5.6.1.jar;C:\Users\Soerano\.m2\repository\org\apiguardian\apiguardian-api\1.1.0\apiguardian-api-1.1.0.jar;C:\Users\Soerano\.m2\repository\org\opentest4j\opentest4j\1.2.0\opentest4j-1.2.0.jar;C:\Users\Soerano\.m2\repository\org\junit\platform\junit-platform-commons\1.6.1\junit-platform-commons-1.6.1.jar;C:\Users\Soerano\.m2\repository\org\junit\jupiter\junit-jupiter-params\5.6.1\junit-jupiter-params-5.6.1.jar;C:\Users\Soerano\.m2\repository\org\junit\jupiter\junit-jupiter-engine\5.6.1\junit-jupiter-engine-5.6.1.jar;C:\Users\Soerano\.m2\repository\org\junit\platform\junit-platform-engine\1.6.1\junit-platform-engine-1.6.1.jar;C:\Users\Soerano\.m2\repository\org\mockito\mockito-core\3.3.3\mockito-core-3.3.3.jar;C:\Users\Soerano\.m2\repository\net\bytebuddy\byte-buddy-agent\1.10.9\byte-buddy-agent-1.10.9.jar;C:\Users\Soerano\.m2\repository\org\objenesis\objenesis\2.6\objenesis-2.6.jar;C:\Users\Soerano\.m2\repository\org\mockito\mockito-junit-jupiter\3.3.3\mockito-junit-jupiter-3.3.3.jar;C:\Users\Soerano\.m2\repository\org\skyscreamer\jsonassert\1.5.0\jsonassert-1.5.0.jar;C:\Users\Soerano\.m2\repository\org\springframework\spring-test\5.2.5.RELEASE\spring-test-5.2.5.RELEASE.jar;C:\Users\Soerano\.m2\repository\org\xmlunit\xmlunit-core\2.6.4\xmlunit-core-2.6.4.jar;C:\Users\Soerano\.m2\repository\org\springframework\boot\spring-boot-starter-security\2.3.0.M4\spring-boot-starter-security-2.3.0.M4.jar;C:\Users\Soerano\.m2\repository\org\springframework\security\spring-security-web\5.3.1.RELEASE\spring-security-web-5.3.1.RELEASE.jar;C:\Users\Soerano\.m2\repository\org\springframework\security\spring-security-crypto\5.3.1.RELEASE\spring-security-crypto-5.3.1.RELEASE.jar;C:\Users\Soerano\.m2\repository\org\jetbrains\annotations\19.0.0\annotations-19.0.0.jar;C:\Users\Soerano\.m2\repository\io\jsonwebtoken\jjwt\0.9.1\jjwt-0.9.1.jar;C:\Users\Soerano\.m2\repository\com\fasterxml\jackson\core\jackson-databind\2.11.0.rc1\jackson-databind-2.11.0.rc1.jar;C:\Users\Soerano\.m2\repository\org\modelmapper\modelmapper\2.3.5\modelmapper-2.3.5.jar;C:\Users\Soerano\.m2\repository\org\springframework\boot\spring-boot-autoconfigure\2.3.0.M4\spring-boot-autoconfigure-2.3.0.M4.jar;C:\Users\Soerano\.m2\repository\org\springframework\boot\spring-boot\2.3.0.M4\spring-boot-2.3.0.M4.jar;C:\Users\Soerano\.m2\repository\com\twilio\sdk\twilio\7.50.1\twilio-7.50.1.jar;C:\Users\Soerano\.m2\repository\com\google\guava\guava\28.0-android\guava-28.0-android.jar;C:\Users\Soerano\.m2\repository\com\google\guava\failureaccess\1.0.1\failureaccess-1.0.1.jar;C:\Users\Soerano\.m2\repository\com\google\guava\listenablefuture\9999.0-empty-to-avoid-conflict-with-guava\listenablefuture-9999.0-empty-to-avoid-conflict-with-guava.jar;C:\Users\Soerano\.m2\repository\com\google\code\findbugs\jsr305\3.0.2\jsr305-3.0.2.jar;C:\Users\Soerano\.m2\repository\org\checkerframework\checker-compat-qual\2.5.5\checker-compat-qual-2.5.5.jar;C:\Users\Soerano\.m2\repository\com\google\errorprone\error_prone_annotations\2.3.2\error_prone_annotations-2.3.2.jar;C:\Users\Soerano\.m2\repository\com\google\j2objc\j2objc-annotations\1.3\j2objc-annotations-1.3.jar;C:\Users\Soerano\.m2\repository\org\codehaus\mojo\animal-sniffer-annotations\1.17\animal-sniffer-annotations-1.17.jar;C:\Users\Soerano\.m2\repository\joda-time\joda-time\2.5\joda-time-2.5.jar;C:\Users\Soerano\.m2\repository\io\jsonwebtoken\jjwt-api\0.10.7\jjwt-api-0.10.7.jar;C:\Users\Soerano\.m2\repository\io\jsonwebtoken\jjwt-jackson\0.10.7\jjwt-jackson-0.10.7.jar;C:\Users\Soerano\.m2\repository\io\jsonwebtoken\jjwt-impl\0.10.7\jjwt-impl-0.10.7.jar;C:\Users\Soerano\.m2\repository\org\apache\httpcomponents\httpclient\4.5.12\httpclient-4.5.12.jar;C:\Users\Soerano\.m2\repository\org\apache\httpcomponents\httpcore\4.4.13\httpcore-4.4.13.jar;C:\Users\Soerano\.m2\repository\com\fasterxml\jackson\core\jackson-core\2.11.0.rc1\jackson-core-2.11.0.rc1.jar;C:\Users\Soerano\.m2\repository\com\fasterxml\jackson\core\jackson-annotations\2.11.0.rc1\jackson-annotations-2.11.0.rc1.jar;C:\Users\Soerano\.m2\repository\javax\xml\bind\jaxb-api\2.3.1\jaxb-api-2.3.1.jar;C:\Users\Soerano\.m2\repository\javax\activation\javax.activation-api\1.2.0\javax.activation-api-1.2.0.jar;C:\Users\Soerano\.m2\repository\net\minidev\json-smart\2.3\json-smart-2.3.jar;C:\Users\Soerano\.m2\repository\net\minidev\accessors-smart\1.2\accessors-smart-1.2.jar;C:\Users\Soerano\.m2\repository\org\ow2\asm\asm\5.0.4\asm-5.0.4.jar;C:\Users\Soerano\.m2\repository\com\vaadin\external\google\android-json\0.0.20131108.vaadin1\android-json-0.0.20131108.vaadin1.jar;"/>
    <property name="java.vm.vendor" value="Oracle Corporation"/>
    <property name="sun.arch.data.model" value="64"/>
    <property name="user.variant" value=""/>
    <property name="java.vendor.url" value="https://java.oracle.com/"/>
    <property name="user.timezone" value="Europe/Amsterdam"/>
    <property name="user.country.format" value="NL"/>
    <property name="os.name" value="Windows 10"/>
    <property name="java.vm.specification.version" value="13"/>
    <property name="sun.java.launcher" value="SUN_STANDARD"/>
    <property name="user.country" value="US"/>
    <property name="sun.boot.library.path" value="C:\Program Files\Java\jdk-13.0.2\bin"/>
    <property name="sun.java.command" value="C:\Users\Soerano\AppData\Local\Temp\surefire10564098604365388471\surefirebooter5278692578650423950.jar C:\Users\Soerano\AppData\Local\Temp\surefire10564098604365388471 2020-05-28T15-39-37_231-jvmRun1 surefire5800796941065296387tmp surefire_01746605541618418397tmp"/>
    <property name="jdk.debug" value="release"/>
    <property name="surefire.test.class.path" value="C:\Users\Soerano\Documents\GitHub\projectb\target\test-classes;C:\Users\Soerano\Documents\GitHub\projectb\target\classes;C:\Users\Soerano\.m2\repository\org\springframework\boot\spring-boot-starter-amqp\2.3.0.M4\spring-boot-starter-amqp-2.3.0.M4.jar;C:\Users\Soerano\.m2\repository\org\springframework\boot\spring-boot-starter\2.3.0.M4\spring-boot-starter-2.3.0.M4.jar;C:\Users\Soerano\.m2\repository\org\springframework\boot\spring-boot-starter-logging\2.3.0.M4\spring-boot-starter-logging-2.3.0.M4.jar;C:\Users\Soerano\.m2\repository\ch\qos\logback\logback-classic\1.2.3\logback-classic-1.2.3.jar;C:\Users\Soerano\.m2\repository\ch\qos\logback\logback-core\1.2.3\logback-core-1.2.3.jar;C:\Users\Soerano\.m2\repository\org\apache\logging\log4j\log4j-to-slf4j\2.13.1\log4j-to-slf4j-2.13.1.jar;C:\Users\Soerano\.m2\repository\org\apache\logging\log4j\log4j-api\2.13.1\log4j-api-2.13.1.jar;C:\Users\Soerano\.m2\repository\org\slf4j\jul-to-slf4j\1.7.30\jul-to-slf4j-1.7.30.jar;C:\Users\Soerano\.m2\repository\jakarta\annotation\jakarta.annotation-api\1.3.5\jakarta.annotation-api-1.3.5.jar;C:\Users\Soerano\.m2\repository\org\yaml\snakeyaml\1.26\snakeyaml-1.26.jar;C:\Users\Soerano\.m2\repository\org\springframework\spring-messaging\5.2.5.RELEASE\spring-messaging-5.2.5.RELEASE.jar;C:\Users\Soerano\.m2\repository\org\springframework\amqp\spring-rabbit\2.2.5.RELEASE\spring-rabbit-2.2.5.RELEASE.jar;C:\Users\Soerano\.m2\repository\com\rabbitmq\amqp-client\5.8.0\amqp-client-5.8.0.jar;C:\Users\Soerano\.m2\repository\org\springframework\amqp\spring-amqp\2.2.5.RELEASE\spring-amqp-2.2.5.RELEASE.jar;C:\Users\Soerano\.m2\repository\org\springframework\retry\spring-retry\1.2.5.RELEASE\spring-retry-1.2.5.RELEASE.jar;C:\Users\Soerano\.m2\repository\org\springframework\spring-tx\5.2.5.RELEASE\spring-tx-5.2.5.RELEASE.jar;C:\Users\Soerano\.m2\repository\org\springframework\boot\spring-boot-starter-data-jpa\2.3.0.M4\spring-boot-starter-data-jpa-2.3.0.M4.jar;C:\Users\Soerano\.m2\repository\org\springframework\boot\spring-boot-starter-aop\2.3.0.M4\spring-boot-starter-aop-2.3.0.M4.jar;C:\Users\Soerano\.m2\repository\org\aspectj\aspectjweaver\1.9.5\aspectjweaver-1.9.5.jar;C:\Users\Soerano\.m2\repository\org\springframework\boot\spring-boot-starter-jdbc\2.3.0.M4\spring-boot-starter-jdbc-2.3.0.M4.jar;C:\Users\Soerano\.m2\repository\com\zaxxer\HikariCP\3.4.2\HikariCP-3.4.2.jar;C:\Users\Soerano\.m2\repository\org\springframework\spring-jdbc\5.2.5.RELEASE\spring-jdbc-5.2.5.RELEASE.jar;C:\Users\Soerano\.m2\repository\jakarta\transaction\jakarta.transaction-api\1.3.3\jakarta.transaction-api-1.3.3.jar;C:\Users\Soerano\.m2\repository\jakarta\persistence\jakarta.persistence-api\2.2.3\jakarta.persistence-api-2.2.3.jar;C:\Users\Soerano\.m2\repository\org\hibernate\hibernate-core\5.4.13.Final\hibernate-core-5.4.13.Final.jar;C:\Users\Soerano\.m2\repository\org\jboss\logging\jboss-logging\3.4.1.Final\jboss-logging-3.4.1.Final.jar;C:\Users\Soerano\.m2\repository\org\javassist\javassist\3.24.0-GA\javassist-3.24.0-GA.jar;C:\Users\Soerano\.m2\repository\net\bytebuddy\byte-buddy\1.10.9\byte-buddy-1.10.9.jar;C:\Users\Soerano\.m2\repository\antlr\antlr\2.7.7\antlr-2.7.7.jar;C:\Users\Soerano\.m2\repository\org\jboss\jandex\2.1.1.Final\jandex-2.1.1.Final.jar;C:\Users\Soerano\.m2\repository\com\fasterxml\classmate\1.5.1\classmate-1.5.1.jar;C:\Users\Soerano\.m2\repository\org\dom4j\dom4j\2.1.1\dom4j-2.1.1.jar;C:\Users\Soerano\.m2\repository\org\hibernate\common\hibernate-commons-annotations\5.1.0.Final\hibernate-commons-annotations-5.1.0.Final.jar;C:\Users\Soerano\.m2\repository\org\glassfish\jaxb\jaxb-runtime\2.3.2\jaxb-runtime-2.3.2.jar;C:\Users\Soerano\.m2\repository\org\glassfish\jaxb\txw2\2.3.2\txw2-2.3.2.jar;C:\Users\Soerano\.m2\repository\com\sun\istack\istack-commons-runtime\3.0.8\istack-commons-runtime-3.0.8.jar;C:\Users\Soerano\.m2\repository\org\jvnet\staxex\stax-ex\1.8.1\stax-ex-1.8.1.jar;C:\Users\Soerano\.m2\repository\com\sun\xml\fastinfoset\FastInfoset\1.2.16\FastInfoset-1.2.16.jar;C:\Users\Soerano\.m2\repository\org\springframework\data\spring-data-jpa\2.3.0.RC1\spring-data-jpa-2.3.0.RC1.jar;C:\Users\Soerano\.m2\repository\org\springframework\data\spring-data-commons\2.3.0.RC1\spring-data-commons-2.3.0.RC1.jar;C:\Users\Soerano\.m2\repository\org\springframework\spring-orm\5.2.5.RELEASE\spring-orm-5.2.5.RELEASE.jar;C:\Users\Soerano\.m2\repository\org\slf4j\slf4j-api\1.7.30\slf4j-api-1.7.30.jar;C:\Users\Soerano\.m2\repository\org\springframework\spring-aspects\5.2.5.RELEASE\spring-aspects-5.2.5.RELEASE.jar;C:\Users\Soerano\.m2\repository\org\springframework\boot\spring-boot-starter-web\2.3.0.M4\spring-boot-starter-web-2.3.0.M4.jar;C:\Users\Soerano\.m2\repository\org\springframework\boot\spring-boot-starter-json\2.3.0.M4\spring-boot-starter-json-2.3.0.M4.jar;C:\Users\Soerano\.m2\repository\com\fasterxml\jackson\datatype\jackson-datatype-jdk8\2.11.0.rc1\jackson-datatype-jdk8-2.11.0.rc1.jar;C:\Users\Soerano\.m2\repository\com\fasterxml\jackson\datatype\jackson-datatype-jsr310\2.11.0.rc1\jackson-datatype-jsr310-2.11.0.rc1.jar;C:\Users\Soerano\.m2\repository\com\fasterxml\jackson\module\jackson-module-parameter-names\2.11.0.rc1\jackson-module-parameter-names-2.11.0.rc1.jar;C:\Users\Soerano\.m2\repository\org\springframework\boot\spring-boot-starter-tomcat\2.3.0.M4\spring-boot-starter-tomcat-2.3.0.M4.jar;C:\Users\Soerano\.m2\repository\org\apache\tomcat\embed\tomcat-embed-core\9.0.33\tomcat-embed-core-9.0.33.jar;C:\Users\Soerano\.m2\repository\org\glassfish\jakarta.el\3.0.3\jakarta.el-3.0.3.jar;C:\Users\Soerano\.m2\repository\org\apache\tomcat\embed\tomcat-embed-websocket\9.0.33\tomcat-embed-websocket-9.0.33.jar;C:\Users\Soerano\.m2\repository\org\springframework\spring-web\5.2.5.RELEASE\spring-web-5.2.5.RELEASE.jar;C:\Users\Soerano\.m2\repository\org\springframework\spring-webmvc\5.2.5.RELEASE\spring-webmvc-5.2.5.RELEASE.jar;C:\Users\Soerano\.m2\repository\org\springframework\spring-expression\5.2.5.RELEASE\spring-expression-5.2.5.RELEASE.jar;C:\Users\Soerano\.m2\repository\org\springframework\security\spring-security-config\5.3.1.RELEASE\spring-security-config-5.3.1.RELEASE.jar;C:\Users\Soerano\.m2\repository\org\springframework\security\spring-security-core\5.3.1.RELEASE\spring-security-core-5.3.1.RELEASE.jar;C:\Users\Soerano\.m2\repository\org\springframework\spring-aop\5.2.5.RELEASE\spring-aop-5.2.5.RELEASE.jar;C:\Users\Soerano\.m2\repository\org\springframework\spring-beans\5.2.5.RELEASE\spring-beans-5.2.5.RELEASE.jar;C:\Users\Soerano\.m2\repository\org\springframework\spring-context\5.2.5.RELEASE\spring-context-5.2.5.RELEASE.jar;C:\Users\Soerano\.m2\repository\org\springframework\spring-core\5.2.5.RELEASE\spring-core-5.2.5.RELEASE.jar;C:\Users\Soerano\.m2\repository\org\springframework\spring-jcl\5.2.5.RELEASE\spring-jcl-5.2.5.RELEASE.jar;C:\Users\Soerano\.m2\repository\org\postgresql\postgresql\42.2.12\postgresql-42.2.12.jar;C:\Users\Soerano\.m2\repository\org\springframework\boot\spring-boot-starter-test\2.3.0.M4\spring-boot-starter-test-2.3.0.M4.jar;C:\Users\Soerano\.m2\repository\org\springframework\boot\spring-boot-test\2.3.0.M4\spring-boot-test-2.3.0.M4.jar;C:\Users\Soerano\.m2\repository\org\springframework\boot\spring-boot-test-autoconfigure\2.3.0.M4\spring-boot-test-autoconfigure-2.3.0.M4.jar;C:\Users\Soerano\.m2\repository\com\jayway\jsonpath\json-path\2.4.0\json-path-2.4.0.jar;C:\Users\Soerano\.m2\repository\jakarta\xml\bind\jakarta.xml.bind-api\2.3.3\jakarta.xml.bind-api-2.3.3.jar;C:\Users\Soerano\.m2\repository\jakarta\activation\jakarta.activation-api\1.2.2\jakarta.activation-api-1.2.2.jar;C:\Users\Soerano\.m2\repository\org\assertj\assertj-core\3.15.0\assertj-core-3.15.0.jar;C:\Users\Soerano\.m2\repository\org\hamcrest\hamcrest\2.2\hamcrest-2.2.jar;C:\Users\Soerano\.m2\repository\org\junit\jupiter\junit-jupiter\5.6.1\junit-jupiter-5.6.1.jar;C:\Users\Soerano\.m2\repository\org\junit\jupiter\junit-jupiter-api\5.6.1\junit-jupiter-api-5.6.1.jar;C:\Users\Soerano\.m2\repository\org\apiguardian\apiguardian-api\1.1.0\apiguardian-api-1.1.0.jar;C:\Users\Soerano\.m2\repository\org\opentest4j\opentest4j\1.2.0\opentest4j-1.2.0.jar;C:\Users\Soerano\.m2\repository\org\junit\platform\junit-platform-commons\1.6.1\junit-platform-commons-1.6.1.jar;C:\Users\Soerano\.m2\repository\org\junit\jupiter\junit-jupiter-params\5.6.1\junit-jupiter-params-5.6.1.jar;C:\Users\Soerano\.m2\repository\org\junit\jupiter\junit-jupiter-engine\5.6.1\junit-jupiter-engine-5.6.1.jar;C:\Users\Soerano\.m2\repository\org\junit\platform\junit-platform-engine\1.6.1\junit-platform-engine-1.6.1.jar;C:\Users\Soerano\.m2\repository\org\mockito\mockito-core\3.3.3\mockito-core-3.3.3.jar;C:\Users\Soerano\.m2\repository\net\bytebuddy\byte-buddy-agent\1.10.9\byte-buddy-agent-1.10.9.jar;C:\Users\Soerano\.m2\repository\org\objenesis\objenesis\2.6\objenesis-2.6.jar;C:\Users\Soerano\.m2\repository\org\mockito\mockito-junit-jupiter\3.3.3\mockito-junit-jupiter-3.3.3.jar;C:\Users\Soerano\.m2\repository\org\skyscreamer\jsonassert\1.5.0\jsonassert-1.5.0.jar;C:\Users\Soerano\.m2\repository\org\springframework\spring-test\5.2.5.RELEASE\spring-test-5.2.5.RELEASE.jar;C:\Users\Soerano\.m2\repository\org\xmlunit\xmlunit-core\2.6.4\xmlunit-core-2.6.4.jar;C:\Users\Soerano\.m2\repository\org\springframework\boot\spring-boot-starter-security\2.3.0.M4\spring-boot-starter-security-2.3.0.M4.jar;C:\Users\Soerano\.m2\repository\org\springframework\security\spring-security-web\5.3.1.RELEASE\spring-security-web-5.3.1.RELEASE.jar;C:\Users\Soerano\.m2\repository\org\springframework\security\spring-security-crypto\5.3.1.RELEASE\spring-security-crypto-5.3.1.RELEASE.jar;C:\Users\Soerano\.m2\repository\org\jetbrains\annotations\19.0.0\annotations-19.0.0.jar;C:\Users\Soerano\.m2\repository\io\jsonwebtoken\jjwt\0.9.1\jjwt-0.9.1.jar;C:\Users\Soerano\.m2\repository\com\fasterxml\jackson\core\jackson-databind\2.11.0.rc1\jackson-databind-2.11.0.rc1.jar;C:\Users\Soerano\.m2\repository\org\modelmapper\modelmapper\2.3.5\modelmapper-2.3.5.jar;C:\Users\Soerano\.m2\repository\org\springframework\boot\spring-boot-autoconfigure\2.3.0.M4\spring-boot-autoconfigure-2.3.0.M4.jar;C:\Users\Soerano\.m2\repository\org\springframework\boot\spring-boot\2.3.0.M4\spring-boot-2.3.0.M4.jar;C:\Users\Soerano\.m2\repository\com\twilio\sdk\twilio\7.50.1\twilio-7.50.1.jar;C:\Users\Soerano\.m2\repository\com\google\guava\guava\28.0-android\guava-28.0-android.jar;C:\Users\Soerano\.m2\repository\com\google\guava\failureaccess\1.0.1\failureaccess-1.0.1.jar;C:\Users\Soerano\.m2\repository\com\google\guava\listenablefuture\9999.0-empty-to-avoid-conflict-with-guava\listenablefuture-9999.0-empty-to-avoid-conflict-with-guava.jar;C:\Users\Soerano\.m2\repository\com\google\code\findbugs\jsr305\3.0.2\jsr305-3.0.2.jar;C:\Users\Soerano\.m2\repository\org\checkerframework\checker-compat-qual\2.5.5\checker-compat-qual-2.5.5.jar;C:\Users\Soerano\.m2\repository\com\google\errorprone\error_prone_annotations\2.3.2\error_prone_annotations-2.3.2.jar;C:\Users\Soerano\.m2\repository\com\google\j2objc\j2objc-annotations\1.3\j2objc-annotations-1.3.jar;C:\Users\Soerano\.m2\repository\org\codehaus\mojo\animal-sniffer-annotations\1.17\animal-sniffer-annotations-1.17.jar;C:\Users\Soerano\.m2\repository\joda-time\joda-time\2.5\joda-time-2.5.jar;C:\Users\Soerano\.m2\repository\io\jsonwebtoken\jjwt-api\0.10.7\jjwt-api-0.10.7.jar;C:\Users\Soerano\.m2\repository\io\jsonwebtoken\jjwt-jackson\0.10.7\jjwt-jackson-0.10.7.jar;C:\Users\Soerano\.m2\repository\io\jsonwebtoken\jjwt-impl\0.10.7\jjwt-impl-0.10.7.jar;C:\Users\Soerano\.m2\repository\org\apache\httpcomponents\httpclient\4.5.12\httpclient-4.5.12.jar;C:\Users\Soerano\.m2\repository\org\apache\httpcomponents\httpcore\4.4.13\httpcore-4.4.13.jar;C:\Users\Soerano\.m2\repository\com\fasterxml\jackson\core\jackson-core\2.11.0.rc1\jackson-core-2.11.0.rc1.jar;C:\Users\Soerano\.m2\repository\com\fasterxml\jackson\core\jackson-annotations\2.11.0.rc1\jackson-annotations-2.11.0.rc1.jar;C:\Users\Soerano\.m2\repository\javax\xml\bind\jaxb-api\2.3.1\jaxb-api-2.3.1.jar;C:\Users\Soerano\.m2\repository\javax\activation\javax.activation-api\1.2.0\javax.activation-api-1.2.0.jar;C:\Users\Soerano\.m2\repository\net\minidev\json-smart\2.3\json-smart-2.3.jar;C:\Users\Soerano\.m2\repository\net\minidev\accessors-smart\1.2\accessors-smart-1.2.jar;C:\Users\Soerano\.m2\repository\org\ow2\asm\asm\5.0.4\asm-5.0.4.jar;C:\Users\Soerano\.m2\repository\com\vaadin\external\google\android-json\0.0.20131108.vaadin1\android-json-0.0.20131108.vaadin1.jar;"/>
    <property name="sun.cpu.endian" value="little"/>
    <property name="user.home" value="C:\Users\Soerano"/>
    <property name="user.language" value="en"/>
    <property name="java.specification.vendor" value="Oracle Corporation"/>
    <property name="java.version.date" value="2020-01-14"/>
    <property name="java.home" value="C:\Program Files\Java\jdk-13.0.2"/>
    <property name="file.separator" value="\"/>
    <property name="basedir" value="C:\Users\Soerano\Documents\GitHub\projectb"/>
    <property name="java.vm.compressedOopsMode" value="Zero based"/>
    <property name="line.separator" value="&#10;"/>
    <property name="java.vm.specification.vendor" value="Oracle Corporation"/>
    <property name="java.specification.name" value="Java Platform API Specification"/>
    <property name="idea.version2020.1.1" value="true"/>
    <property name="surefire.real.class.path" value="C:\Users\Soerano\AppData\Local\Temp\surefire10564098604365388471\surefirebooter5278692578650423950.jar"/>
    <property name="user.script" value=""/>
    <property name="sun.management.compiler" value="HotSpot 64-Bit Tiered Compilers"/>
    <property name="java.runtime.version" value="13.0.2+8"/>
    <property name="user.name" value="Soerano"/>
    <property name="path.separator" value=";"/>
    <property name="os.version" value="10.0"/>
    <property name="java.runtime.name" value="Java(TM) SE Runtime Environment"/>
    <property name="file.encoding" value="UTF-8"/>
    <property name="java.vm.name" value="Java HotSpot(TM) 64-Bit Server VM"/>
    <property name="localRepository" value="C:\Users\Soerano\.m2\repository"/>
    <property name="java.vendor.url.bug" value="https://bugreport.java.com/bugreport/"/>
    <property name="java.io.tmpdir" value="C:\Users\Soerano\AppData\Local\Temp\"/>
    <property name="java.version" value="13.0.2"/>
    <property name="user.dir" value="C:\Users\Soerano\Documents\GitHub\projectb"/>
    <property name="os.arch" value="amd64"/>
    <property name="java.vm.specification.name" value="Java Virtual Machine Specification"/>
    <property name="sun.os.patch.level" value=""/>
    <property name="java.library.path" value="C:\Program Files\Java\jdk-13.0.2\bin;C:\Windows\Sun\Java\bin;C:\Windows\system32;C:\Windows;C:\Program Files (x86)\Common Files\Intel\Shared Files\cpp\bin\Intel64;C:\Program Files (x86)\Common Files\Oracle\Java\javapath;C:\Program Files (x86)\Common Files\Intel\Shared Libraries\redist\ia32\compiler;C:\Program Files (x86)\Common Files\Intel\Shared Libraries\redist\intel64\compiler;C:\Windows\system32;C:\Windows;C:\Windows\System32\Wbem;C:\Windows\System32\WindowsPowerShell\v1.0\;C:\Windows\System32\OpenSSH\;C:\Program Files (x86)\QuickTime\QTSystem\;C:\Program Files (x86)\Intel\Intel(R) Management Engine Components\DAL;C:\Program Files\Intel\Intel(R) Management Engine Components\DAL;C:\Program Files\NVIDIA Corporation\NVIDIA NvDLISR;C:\Android;C:\Program Files\Git\cmd;C:\Program Files (x86)\NVIDIA Corporation\PhysX\Common;C:\Program Files\Microsoft SQL Server\130\Tools\Binn\;C:\Program Files\Microsoft SQL Server\Client SDK\ODBC\170\Tools\Binn\;C:\Program Files\nodejs\;C:\Program Files\dotnet\;C:\Users\Soerano\AppData\Local\Microsoft\WindowsApps;C:\Program Files\Java\jdk-11.0.2\bin;C:\Users\Soerano\AppData\Local\Programs\Microsoft VS Code\bin;C:\Users\Soerano\AppData\Local\GitHubDesktop\bin;C:\Users\Soerano\AppData\Roaming\npm;."/>
    <property name="java.vm.info" value="mixed mode, sharing"/>
    <property name="java.vendor" value="Oracle Corporation"/>
    <property name="java.vm.version" value="13.0.2+8"/>
    <property name="sun.io.unicode.encoding" value="UnicodeLittle"/>
    <property name="java.class.version" value="57.0"/>
  </properties>
  <testcase name="contextLoads" classname="com.vijfmusketiers.ProjectB.ProjectBApplicationTests" time="0.114"/>
</testsuite>